2022-03-29 22:16:31,034 INFO com.SmartCovidClinicAppoinment1Application [main] Starting SmartCovidClinicAppoinment1Application using Java 17.0.1 on LIN24009494 with PID 9324 (C:\Users\MCHARPAL\Documents\workspace-spring-tool-suite-4-4.13.1.RELEASE\Project\SmartCovidClinicAppoinment1\target\classes started by mcharpal in C:\Users\MCHARPAL\Documents\workspace-spring-tool-suite-4-4.13.1.RELEASE\Project\SmartCovidClinicAppoinment1)
2022-03-29 22:16:31,039 INFO org.hibernate.validator.internal.util.Version [background-preinit] HV000001: Hibernate Validator 6.2.2.Final
2022-03-29 22:16:31,040 INFO com.SmartCovidClinicAppoinment1Application [main] No active profile set, falling back to 1 default profile: "default"
2022-03-29 22:16:32,035 INFO org.springframework.data.repository.config.RepositoryConfigurationDelegate [main] Bootstrapping Spring Data JPA repositories in DEFAULT mode.
2022-03-29 22:16:32,147 INFO org.springframework.data.repository.config.RepositoryConfigurationDelegate [main] Finished Spring Data repository scanning in 103 ms. Found 4 JPA repository interfaces.
2022-03-29 22:16:32,624 INFO org.springframework.boot.web.embedded.tomcat.TomcatWebServer [main] Tomcat initialized with port(s): 1010 (http)
2022-03-29 22:16:32,635 INFO org.apache.coyote.http11.Http11NioProtocol [main] Initializing ProtocolHandler ["http-nio-1010"]
2022-03-29 22:16:32,636 INFO org.apache.catalina.core.StandardService [main] Starting service [Tomcat]
2022-03-29 22:16:32,636 INFO org.apache.catalina.core.StandardEngine [main] Starting Servlet engine: [Apache Tomcat/9.0.58]
2022-03-29 22:16:32,728 INFO org.apache.catalina.core.ContainerBase.[Tomcat].[localhost].[/] [main] Initializing Spring embedded WebApplicationContext
2022-03-29 22:16:32,728 INFO org.springframework.boot.web.servlet.context.ServletWebServerApplicationContext [main] Root WebApplicationContext: initialization completed in 1648 ms
2022-03-29 22:16:32,857 INFO org.hibernate.jpa.internal.util.LogHelper [main] HHH000204: Processing PersistenceUnitInfo [name: default]
2022-03-29 22:16:32,923 INFO org.hibernate.Version [main] HHH000412: Hibernate ORM core version 5.6.5.Final
2022-03-29 22:16:33,079 INFO org.hibernate.annotations.common.Version [main] HCANN000001: Hibernate Commons Annotations {5.1.2.Final}
2022-03-29 22:16:33,177 INFO com.zaxxer.hikari.HikariDataSource [main] HikariPool-1 - Starting...
2022-03-29 22:16:33,538 INFO com.zaxxer.hikari.HikariDataSource [main] HikariPool-1 - Start completed.
2022-03-29 22:16:33,566 INFO org.hibernate.dialect.Dialect [main] HHH000400: Using dialect: org.hibernate.dialect.PostgreSQL10Dialect
2022-03-29 22:16:34,333 INFO org.hibernate.engine.transaction.jta.platform.internal.JtaPlatformInitiator [main] HHH000490: Using JtaPlatform implementation: [org.hibernate.engine.transaction.jta.platform.internal.NoJtaPlatform]
2022-03-29 22:16:34,339 INFO org.springframework.orm.jpa.LocalContainerEntityManagerFactoryBean [main] Initialized JPA EntityManagerFactory for persistence unit 'default'
2022-03-29 22:16:34,791 WARN org.springframework.boot.autoconfigure.orm.jpa.JpaBaseConfiguration$JpaWebConfiguration [main] spring.jpa.open-in-view is enabled by default. Therefore, database queries may be performed during view rendering. Explicitly configure spring.jpa.open-in-view to disable this warning
2022-03-29 22:16:35,157 INFO org.apache.coyote.http11.Http11NioProtocol [main] Starting ProtocolHandler ["http-nio-1010"]
2022-03-29 22:16:35,183 INFO org.springframework.boot.web.embedded.tomcat.TomcatWebServer [main] Tomcat started on port(s): 1010 (http) with context path ''
2022-03-29 22:16:35,441 INFO com.SmartCovidClinicAppoinment1Application [main] Started SmartCovidClinicAppoinment1Application in 4.724 seconds (JVM running for 5.436)
2022-03-29 22:35:32,978 INFO org.springframework.boot.admin.SpringApplicationAdminMXBeanRegistrar$SpringApplicationAdmin [RMI TCP Connection(22)-127.0.0.1] Application shutdown requested.
2022-03-29 22:35:32,998 INFO org.springframework.orm.jpa.LocalContainerEntityManagerFactoryBean [RMI TCP Connection(22)-127.0.0.1] Closing JPA EntityManagerFactory for persistence unit 'default'
2022-03-29 22:35:33,000 INFO com.zaxxer.hikari.HikariDataSource [RMI TCP Connection(22)-127.0.0.1] HikariPool-1 - Shutdown initiated...
2022-03-29 22:35:33,003 INFO com.zaxxer.hikari.HikariDataSource [RMI TCP Connection(22)-127.0.0.1] HikariPool-1 - Shutdown completed.
2022-03-29 23:00:19,395 INFO org.hibernate.validator.internal.util.Version [background-preinit] HV000001: Hibernate Validator 6.2.2.Final
2022-03-29 23:00:19,402 INFO com.SmartCovidClinicAppoinment1Application [main] Starting SmartCovidClinicAppoinment1Application using Java 17.0.1 on LIN24009494 with PID 3468 (C:\Users\MCHARPAL\Documents\workspace-spring-tool-suite-4-4.13.1.RELEASE\Project\SmartCovidClinicAppoinment1\target\classes started by mcharpal in C:\Users\MCHARPAL\Documents\workspace-spring-tool-suite-4-4.13.1.RELEASE\Project\SmartCovidClinicAppoinment1)
2022-03-29 23:00:19,403 INFO com.SmartCovidClinicAppoinment1Application [main] No active profile set, falling back to 1 default profile: "default"
2022-03-29 23:00:20,433 INFO org.springframework.data.repository.config.RepositoryConfigurationDelegate [main] Bootstrapping Spring Data JPA repositories in DEFAULT mode.
2022-03-29 23:00:20,566 INFO org.springframework.data.repository.config.RepositoryConfigurationDelegate [main] Finished Spring Data repository scanning in 124 ms. Found 4 JPA repository interfaces.
2022-03-29 23:00:21,130 INFO org.springframework.boot.web.embedded.tomcat.TomcatWebServer [main] Tomcat initialized with port(s): 1010 (http)
2022-03-29 23:00:21,140 INFO org.apache.coyote.http11.Http11NioProtocol [main] Initializing ProtocolHandler ["http-nio-1010"]
2022-03-29 23:00:21,141 INFO org.apache.catalina.core.StandardService [main] Starting service [Tomcat]
2022-03-29 23:00:21,141 INFO org.apache.catalina.core.StandardEngine [main] Starting Servlet engine: [Apache Tomcat/9.0.58]
2022-03-29 23:00:21,256 INFO org.apache.catalina.core.ContainerBase.[Tomcat].[localhost].[/] [main] Initializing Spring embedded WebApplicationContext
2022-03-29 23:00:21,256 INFO org.springframework.boot.web.servlet.context.ServletWebServerApplicationContext [main] Root WebApplicationContext: initialization completed in 1811 ms
2022-03-29 23:00:21,430 INFO org.hibernate.jpa.internal.util.LogHelper [main] HHH000204: Processing PersistenceUnitInfo [name: default]
2022-03-29 23:00:21,478 INFO org.hibernate.Version [main] HHH000412: Hibernate ORM core version 5.6.5.Final
2022-03-29 23:00:21,667 INFO org.hibernate.annotations.common.Version [main] HCANN000001: Hibernate Commons Annotations {5.1.2.Final}
2022-03-29 23:00:21,757 INFO com.zaxxer.hikari.HikariDataSource [main] HikariPool-1 - Starting...
2022-03-29 23:00:22,087 INFO com.zaxxer.hikari.HikariDataSource [main] HikariPool-1 - Start completed.
2022-03-29 23:00:22,117 INFO org.hibernate.dialect.Dialect [main] HHH000400: Using dialect: org.hibernate.dialect.PostgreSQL10Dialect
2022-03-29 23:00:22,912 INFO org.hibernate.engine.transaction.jta.platform.internal.JtaPlatformInitiator [main] HHH000490: Using JtaPlatform implementation: [org.hibernate.engine.transaction.jta.platform.internal.NoJtaPlatform]
2022-03-29 23:00:22,921 INFO org.springframework.orm.jpa.LocalContainerEntityManagerFactoryBean [main] Initialized JPA EntityManagerFactory for persistence unit 'default'
2022-03-29 23:00:23,441 WARN org.springframework.boot.autoconfigure.orm.jpa.JpaBaseConfiguration$JpaWebConfiguration [main] spring.jpa.open-in-view is enabled by default. Therefore, database queries may be performed during view rendering. Explicitly configure spring.jpa.open-in-view to disable this warning
2022-03-29 23:00:23,828 INFO org.apache.coyote.http11.Http11NioProtocol [main] Starting ProtocolHandler ["http-nio-1010"]
2022-03-29 23:00:23,866 INFO org.springframework.boot.web.embedded.tomcat.TomcatWebServer [main] Tomcat started on port(s): 1010 (http) with context path ''
2022-03-29 23:00:24,143 INFO com.SmartCovidClinicAppoinment1Application [main] Started SmartCovidClinicAppoinment1Application in 5.075 seconds (JVM running for 5.921)
2022-03-29 23:00:49,639 INFO org.springframework.boot.admin.SpringApplicationAdminMXBeanRegistrar$SpringApplicationAdmin [RMI TCP Connection(3)-127.0.0.1] Application shutdown requested.
2022-03-29 23:00:49,656 INFO org.springframework.orm.jpa.LocalContainerEntityManagerFactoryBean [RMI TCP Connection(3)-127.0.0.1] Closing JPA EntityManagerFactory for persistence unit 'default'
2022-03-29 23:00:49,657 INFO com.zaxxer.hikari.HikariDataSource [RMI TCP Connection(3)-127.0.0.1] HikariPool-1 - Shutdown initiated...
2022-03-29 23:00:49,660 INFO com.zaxxer.hikari.HikariDataSource [RMI TCP Connection(3)-127.0.0.1] HikariPool-1 - Shutdown completed.
